2024-12-27 02:06:28,903 INFO  org.apache.flink.runtime.entrypoint.ClusterEntrypoint        [] - --------------------------------------------------------------------------------
2024-12-27 02:06:28,907 INFO  org.apache.flink.runtime.entrypoint.ClusterEntrypoint        [] -  Preconfiguration: 
2024-12-27 02:06:28,907 INFO  org.apache.flink.runtime.entrypoint.ClusterEntrypoint        [] - 


RESOURCE_PARAMS extraction logs:
jvm_params: -Xmx1073741824 -Xms1073741824 -XX:MaxMetaspaceSize=268435456
dynamic_configs: -D jobmanager.memory.off-heap.size=134217728b -D jobmanager.memory.jvm-overhead.min=201326592b -D jobmanager.memory.jvm-metaspace.size=268435456b -D jobmanager.memory.heap.size=1073741824b -D jobmanager.memory.jvm-overhead.max=201326592b
logs: INFO  [] - Loading configuration property: jobmanager.rpc.address, kafkahost
INFO  [] - Loading configuration property: jobmanager.rpc.port, 6123
INFO  [] - Loading configuration property: jobmanager.memory.process.size, 1600m
INFO  [] - Loading configuration property: taskmanager.memory.process.size, 1728m
INFO  [] - Loading configuration property: taskmanager.numberOfTaskSlots, 4
INFO  [] - Loading configuration property: parallelism.default, 1
INFO  [] - Loading configuration property: jobmanager.execution.failover-strategy, region
INFO  [] - The derived from fraction jvm overhead memory (160.000mb (167772162 bytes)) is less than its min value 192.000mb (201326592 bytes), min value will be used instead
INFO  [] - Final Master Memory configuration:
INFO  [] -   Total Process Memory: 1.563gb (1677721600 bytes)
INFO  [] -     Total Flink Memory: 1.125gb (1207959552 bytes)
INFO  [] -       JVM Heap:         1024.000mb (1073741824 bytes)
INFO  [] -       Off-heap:         128.000mb (134217728 bytes)
INFO  [] -     JVM Metaspace:      256.000mb (268435456 bytes)
INFO  [] -     JVM Overhead:       192.000mb (201326592 bytes)

2024-12-27 02:06:28,907 INFO  org.apache.flink.runtime.entrypoint.ClusterEntrypoint        [] - --------------------------------------------------------------------------------
2024-12-27 02:06:28,907 INFO  org.apache.flink.runtime.entrypoint.ClusterEntrypoint        [] -  Starting StandaloneSessionClusterEntrypoint (Version: 1.14.6, Scala: 2.12, Rev:a921a4d, Date:2022-09-09T10:18:38+02:00)
2024-12-27 02:06:28,908 INFO  org.apache.flink.runtime.entrypoint.ClusterEntrypoint        [] -  OS current user: alvinnguyen41
2024-12-27 02:06:28,908 INFO  org.apache.flink.runtime.entrypoint.ClusterEntrypoint        [] -  Current Hadoop/Kerberos user: <no hadoop dependency found>
2024-12-27 02:06:28,908 INFO  org.apache.flink.runtime.entrypoint.ClusterEntrypoint        [] -  JVM: OpenJDK 64-Bit Server VM - Private Build - 1.8/25.432-bga
2024-12-27 02:06:28,908 INFO  org.apache.flink.runtime.entrypoint.ClusterEntrypoint        [] -  Maximum heap size: 981 MiBytes
2024-12-27 02:06:28,908 INFO  org.apache.flink.runtime.entrypoint.ClusterEntrypoint        [] -  JAVA_HOME: /usr/lib/jvm/java-8-openjdk-amd64
2024-12-27 02:06:28,909 INFO  org.apache.flink.runtime.entrypoint.ClusterEntrypoint        [] -  No Hadoop Dependency available
2024-12-27 02:06:28,909 INFO  org.apache.flink.runtime.entrypoint.ClusterEntrypoint        [] -  JVM Options:
2024-12-27 02:06:28,909 INFO  org.apache.flink.runtime.entrypoint.ClusterEntrypoint        [] -     -Xmx1073741824
2024-12-27 02:06:28,909 INFO  org.apache.flink.runtime.entrypoint.ClusterEntrypoint        [] -     -Xms1073741824
2024-12-27 02:06:28,909 INFO  org.apache.flink.runtime.entrypoint.ClusterEntrypoint        [] -     -XX:MaxMetaspaceSize=268435456
2024-12-27 02:06:28,909 INFO  org.apache.flink.runtime.entrypoint.ClusterEntrypoint        [] -     -Dlog.file=/home/alvinnguyen41/flink-1.14.6/log/flink-alvinnguyen41-standalonesession-0-alvinnguyen41.log
2024-12-27 02:06:28,909 INFO  org.apache.flink.runtime.entrypoint.ClusterEntrypoint        [] -     -Dlog4j.configuration=file:/home/alvinnguyen41/flink-1.14.6/conf/log4j.properties
2024-12-27 02:06:28,909 INFO  org.apache.flink.runtime.entrypoint.ClusterEntrypoint        [] -     -Dlog4j.configurationFile=file:/home/alvinnguyen41/flink-1.14.6/conf/log4j.properties
2024-12-27 02:06:28,909 INFO  org.apache.flink.runtime.entrypoint.ClusterEntrypoint        [] -     -Dlogback.configurationFile=file:/home/alvinnguyen41/flink-1.14.6/conf/logback.xml
2024-12-27 02:06:28,909 INFO  org.apache.flink.runtime.entrypoint.ClusterEntrypoint        [] -  Program Arguments:
2024-12-27 02:06:28,910 INFO  org.apache.flink.runtime.entrypoint.ClusterEntrypoint        [] -     --configDir
2024-12-27 02:06:28,911 INFO  org.apache.flink.runtime.entrypoint.ClusterEntrypoint        [] -     /home/alvinnguyen41/flink-1.14.6/conf
2024-12-27 02:06:28,911 INFO  org.apache.flink.runtime.entrypoint.ClusterEntrypoint        [] -     --executionMode
2024-12-27 02:06:28,911 INFO  org.apache.flink.runtime.entrypoint.ClusterEntrypoint        [] -     cluster
2024-12-27 02:06:28,911 INFO  org.apache.flink.runtime.entrypoint.ClusterEntrypoint        [] -     -D
2024-12-27 02:06:28,911 INFO  org.apache.flink.runtime.entrypoint.ClusterEntrypoint        [] -     jobmanager.memory.off-heap.size=134217728b
2024-12-27 02:06:28,911 INFO  org.apache.flink.runtime.entrypoint.ClusterEntrypoint        [] -     -D
2024-12-27 02:06:28,911 INFO  org.apache.flink.runtime.entrypoint.ClusterEntrypoint        [] -     jobmanager.memory.jvm-overhead.min=201326592b
2024-12-27 02:06:28,911 INFO  org.apache.flink.runtime.entrypoint.ClusterEntrypoint        [] -     -D
2024-12-27 02:06:28,911 INFO  org.apache.flink.runtime.entrypoint.ClusterEntrypoint        [] -     jobmanager.memory.jvm-metaspace.size=268435456b
2024-12-27 02:06:28,911 INFO  org.apache.flink.runtime.entrypoint.ClusterEntrypoint        [] -     -D
2024-12-27 02:06:28,912 INFO  org.apache.flink.runtime.entrypoint.ClusterEntrypoint        [] -     jobmanager.memory.heap.size=1073741824b
2024-12-27 02:06:28,912 INFO  org.apache.flink.runtime.entrypoint.ClusterEntrypoint        [] -     -D
2024-12-27 02:06:28,912 INFO  org.apache.flink.runtime.entrypoint.ClusterEntrypoint        [] -     jobmanager.memory.jvm-overhead.max=201326592b
2024-12-27 02:06:28,912 INFO  org.apache.flink.runtime.entrypoint.ClusterEntrypoint        [] -  Classpath: /home/alvinnguyen41/flink-1.14.6/lib/flink-csv-1.14.6.jar:/home/alvinnguyen41/flink-1.14.6/lib/flink-json-1.14.6.jar:/home/alvinnguyen41/flink-1.14.6/lib/flink-shaded-zookeeper-3.4.14.jar:/home/alvinnguyen41/flink-1.14.6/lib/flink-table_2.12-1.14.6.jar:/home/alvinnguyen41/flink-1.14.6/lib/log4j-1.2-api-2.17.1.jar:/home/alvinnguyen41/flink-1.14.6/lib/log4j-api-2.17.1.jar:/home/alvinnguyen41/flink-1.14.6/lib/log4j-core-2.17.1.jar:/home/alvinnguyen41/flink-1.14.6/lib/log4j-slf4j-impl-2.17.1.jar:/home/alvinnguyen41/flink-1.14.6/lib/flink-dist_2.12-1.14.6.jar::/home/alvinnguyen41/hadoop-3.4.1/etc/hadoop:
2024-12-27 02:06:28,912 INFO  org.apache.flink.runtime.entrypoint.ClusterEntrypoint        [] - --------------------------------------------------------------------------------
2024-12-27 02:06:28,916 INFO  org.apache.flink.runtime.entrypoint.ClusterEntrypoint        [] - Registered UNIX signal handlers for [TERM, HUP, INT]
2024-12-27 02:06:28,944 INFO  org.apache.flink.configuration.GlobalConfiguration           [] - Loading configuration property: jobmanager.rpc.address, kafkahost
2024-12-27 02:06:28,944 INFO  org.apache.flink.configuration.GlobalConfiguration           [] - Loading configuration property: jobmanager.rpc.port, 6123
2024-12-27 02:06:28,944 INFO  org.apache.flink.configuration.GlobalConfiguration           [] - Loading configuration property: jobmanager.memory.process.size, 1600m
2024-12-27 02:06:28,945 INFO  org.apache.flink.configuration.GlobalConfiguration           [] - Loading configuration property: taskmanager.memory.process.size, 1728m
2024-12-27 02:06:28,945 INFO  org.apache.flink.configuration.GlobalConfiguration           [] - Loading configuration property: taskmanager.numberOfTaskSlots, 4
2024-12-27 02:06:28,945 INFO  org.apache.flink.configuration.GlobalConfiguration           [] - Loading configuration property: parallelism.default, 1
2024-12-27 02:06:28,946 INFO  org.apache.flink.configuration.GlobalConfiguration           [] - Loading configuration property: jobmanager.execution.failover-strategy, region
2024-12-27 02:06:29,034 INFO  org.apache.flink.runtime.entrypoint.ClusterEntrypoint        [] - Starting StandaloneSessionClusterEntrypoint.
2024-12-27 02:06:29,214 INFO  org.apache.flink.runtime.entrypoint.ClusterEntrypoint        [] - Install default filesystem.
2024-12-27 02:06:29,220 INFO  org.apache.flink.core.fs.FileSystem                          [] - Hadoop is not in the classpath/dependencies. The extended set of supported File Systems via Hadoop is not available.
2024-12-27 02:06:29,279 INFO  org.apache.flink.runtime.entrypoint.ClusterEntrypoint        [] - Install security context.
2024-12-27 02:06:29,292 INFO  org.apache.flink.runtime.security.modules.HadoopModuleFactory [] - Cannot create Hadoop Security Module because Hadoop cannot be found in the Classpath.
2024-12-27 02:06:29,300 INFO  org.apache.flink.runtime.security.modules.JaasModule         [] - Jaas file will be created as /tmp/jaas-2810445491327004869.conf.
2024-12-27 02:06:29,309 INFO  org.apache.flink.runtime.security.contexts.HadoopSecurityContextFactory [] - Cannot install HadoopSecurityContext because Hadoop cannot be found in the Classpath.
2024-12-27 02:06:29,311 INFO  org.apache.flink.runtime.entrypoint.ClusterEntrypoint        [] - Initializing cluster services.
2024-12-27 02:06:30,414 INFO  org.apache.flink.runtime.rpc.akka.AkkaRpcServiceUtils        [] - Trying to start actor system, external address kafkahost:6123, bind address 0.0.0.0:6123.
2024-12-27 02:06:36,629 INFO  akka.event.slf4j.Slf4jLogger                                 [] - Slf4jLogger started
2024-12-27 02:06:36,712 INFO  akka.remote.RemoteActorRefProvider                           [] - Akka Cluster not in use - enabling unsafe features anyway because `akka.remote.use-unsafe-remote-features-outside-cluster` has been enabled.
2024-12-27 02:06:36,713 INFO  akka.remote.Remoting                                         [] - Starting remoting
2024-12-27 02:06:37,353 INFO  akka.remote.Remoting                                         [] - Remoting started; listening on addresses :[akka.tcp://flink@kafkahost:6123]
2024-12-27 02:06:37,889 INFO  org.apache.flink.runtime.rpc.akka.AkkaRpcServiceUtils        [] - Actor system started at akka.tcp://flink@kafkahost:6123
2024-12-27 02:06:38,014 INFO  org.apache.flink.configuration.Configuration                 [] - Config uses fallback configuration key 'jobmanager.rpc.address' instead of key 'rest.address'
2024-12-27 02:06:38,061 INFO  org.apache.flink.runtime.blob.BlobServer                     [] - Created BLOB server storage directory /tmp/blobStore-a0f0c9b1-1f48-489b-b0f9-ea2dcb3a2952
2024-12-27 02:06:38,079 INFO  org.apache.flink.runtime.blob.BlobServer                     [] - Started BLOB server at 0.0.0.0:46421 - max concurrent requests: 50 - max backlog: 1000
2024-12-27 02:06:38,140 INFO  org.apache.flink.runtime.metrics.MetricRegistryImpl          [] - No metrics reporter configured, no metrics will be exposed/reported.
2024-12-27 02:06:38,158 INFO  org.apache.flink.runtime.rpc.akka.AkkaRpcServiceUtils        [] - Trying to start actor system, external address kafkahost:0, bind address 0.0.0.0:0.
2024-12-27 02:06:38,216 INFO  akka.event.slf4j.Slf4jLogger                                 [] - Slf4jLogger started
2024-12-27 02:06:38,230 INFO  akka.remote.RemoteActorRefProvider                           [] - Akka Cluster not in use - enabling unsafe features anyway because `akka.remote.use-unsafe-remote-features-outside-cluster` has been enabled.
2024-12-27 02:06:38,230 INFO  akka.remote.Remoting                                         [] - Starting remoting
2024-12-27 02:06:38,265 INFO  akka.remote.Remoting                                         [] - Remoting started; listening on addresses :[akka.tcp://flink-metrics@kafkahost:38365]
2024-12-27 02:06:38,290 INFO  org.apache.flink.runtime.rpc.akka.AkkaRpcServiceUtils        [] - Actor system started at akka.tcp://flink-metrics@kafkahost:38365
2024-12-27 02:06:38,321 INFO  org.apache.flink.runtime.rpc.akka.AkkaRpcService             [] - Starting RPC endpoint for org.apache.flink.runtime.metrics.dump.MetricQueryService at akka://flink-metrics/user/rpc/MetricQueryService .
2024-12-27 02:06:38,498 INFO  org.apache.flink.runtime.dispatcher.FileExecutionGraphInfoStore [] - Initializing FileExecutionGraphInfoStore: Storage directory /tmp/executionGraphStore-2cb0465a-67f6-4c60-b68a-25b2595edd8b, expiration time 3600000, maximum cache size 52428800 bytes.
2024-12-27 02:06:38,682 INFO  org.apache.flink.configuration.Configuration                 [] - Config uses fallback configuration key 'jobmanager.rpc.address' instead of key 'rest.address'
2024-12-27 02:06:38,683 INFO  org.apache.flink.runtime.dispatcher.DispatcherRestEndpoint   [] - Upload directory /tmp/flink-web-dac1cca1-a434-4a9e-9ae6-96e3f7fe03e6/flink-web-upload does not exist. 
2024-12-27 02:06:38,685 INFO  org.apache.flink.runtime.dispatcher.DispatcherRestEndpoint   [] - Created directory /tmp/flink-web-dac1cca1-a434-4a9e-9ae6-96e3f7fe03e6/flink-web-upload for file uploads.
2024-12-27 02:06:38,688 INFO  org.apache.flink.runtime.dispatcher.DispatcherRestEndpoint   [] - Starting rest endpoint.
2024-12-27 02:06:39,331 INFO  org.apache.flink.runtime.webmonitor.WebMonitorUtils          [] - Determined location of main cluster component log file: /home/alvinnguyen41/flink-1.14.6/log/flink-alvinnguyen41-standalonesession-0-alvinnguyen41.log
2024-12-27 02:06:39,332 INFO  org.apache.flink.runtime.webmonitor.WebMonitorUtils          [] - Determined location of main cluster component stdout file: /home/alvinnguyen41/flink-1.14.6/log/flink-alvinnguyen41-standalonesession-0-alvinnguyen41.out
2024-12-27 02:06:40,560 INFO  org.apache.flink.runtime.dispatcher.DispatcherRestEndpoint   [] - Rest endpoint listening at kafkahost:8081
2024-12-27 02:06:40,562 INFO  org.apache.flink.runtime.dispatcher.DispatcherRestEndpoint   [] - http://kafkahost:8081 was granted leadership with leaderSessionID=00000000-0000-0000-0000-000000000000
2024-12-27 02:06:40,563 INFO  org.apache.flink.runtime.dispatcher.DispatcherRestEndpoint   [] - Web frontend listening at http://kafkahost:8081.
2024-12-27 02:06:40,764 INFO  org.apache.flink.runtime.dispatcher.runner.DefaultDispatcherRunner [] - DefaultDispatcherRunner was granted leadership with leader id 00000000-0000-0000-0000-000000000000. Creating new DispatcherLeaderProcess.
2024-12-27 02:06:40,792 INFO  org.apache.flink.runtime.dispatcher.runner.SessionDispatcherLeaderProcess [] - Start SessionDispatcherLeaderProcess.
2024-12-27 02:06:40,795 INFO  org.apache.flink.runtime.resourcemanager.ResourceManagerServiceImpl [] - Starting resource manager service.
2024-12-27 02:06:40,796 INFO  org.apache.flink.runtime.dispatcher.runner.SessionDispatcherLeaderProcess [] - Recover all persisted job graphs.
2024-12-27 02:06:40,797 INFO  org.apache.flink.runtime.dispatcher.runner.SessionDispatcherLeaderProcess [] - Successfully recovered 0 persisted job graphs.
2024-12-27 02:06:40,808 INFO  org.apache.flink.runtime.resourcemanager.ResourceManagerServiceImpl [] - Resource manager service is granted leadership with session id 00000000-0000-0000-0000-000000000000.
2024-12-27 02:06:40,923 INFO  org.apache.flink.runtime.rpc.akka.AkkaRpcService             [] - Starting RPC endpoint for org.apache.flink.runtime.dispatcher.StandaloneDispatcher at akka://flink/user/rpc/dispatcher_0 .
2024-12-27 02:06:41,024 INFO  org.apache.flink.runtime.rpc.akka.AkkaRpcService             [] - Starting RPC endpoint for org.apache.flink.runtime.resourcemanager.StandaloneResourceManager at akka://flink/user/rpc/resourcemanager_1 .
2024-12-27 02:06:41,112 INFO  org.apache.flink.runtime.resourcemanager.StandaloneResourceManager [] - Starting the resource manager.
2024-12-27 02:14:46,410 ERROR akka.remote.EndpointWriter                                   [] - dropping message [class akka.actor.ActorSelectionMessage] for non-local recipient [Actor[akka.tcp://flink@localhost:6123/]] arriving at [akka.tcp://flink@localhost:6123] inbound addresses are [akka.tcp://flink@kafkahost:6123]
2024-12-27 02:15:08,764 ERROR akka.remote.EndpointWriter                                   [] - dropping message [class akka.actor.ActorSelectionMessage] for non-local recipient [Actor[akka.tcp://flink@localhost:6123/]] arriving at [akka.tcp://flink@localhost:6123] inbound addresses are [akka.tcp://flink@kafkahost:6123]
2024-12-27 02:15:28,804 ERROR akka.remote.EndpointWriter                                   [] - dropping message [class akka.actor.ActorSelectionMessage] for non-local recipient [Actor[akka.tcp://flink@localhost:6123/]] arriving at [akka.tcp://flink@localhost:6123] inbound addresses are [akka.tcp://flink@kafkahost:6123]
2024-12-27 02:15:51,790 ERROR akka.remote.EndpointWriter                                   [] - dropping message [class akka.actor.ActorSelectionMessage] for non-local recipient [Actor[akka.tcp://flink@localhost:6123/]] arriving at [akka.tcp://flink@localhost:6123] inbound addresses are [akka.tcp://flink@kafkahost:6123]
2024-12-27 02:16:14,769 ERROR akka.remote.EndpointWriter                                   [] - dropping message [class akka.actor.ActorSelectionMessage] for non-local recipient [Actor[akka.tcp://flink@localhost:6123/]] arriving at [akka.tcp://flink@localhost:6123] inbound addresses are [akka.tcp://flink@kafkahost:6123]
2024-12-27 02:16:34,811 ERROR akka.remote.EndpointWriter                                   [] - dropping message [class akka.actor.ActorSelectionMessage] for non-local recipient [Actor[akka.tcp://flink@localhost:6123/]] arriving at [akka.tcp://flink@localhost:6123] inbound addresses are [akka.tcp://flink@kafkahost:6123]
2024-12-27 02:16:58,376 ERROR akka.remote.EndpointWriter                                   [] - dropping message [class akka.actor.ActorSelectionMessage] for non-local recipient [Actor[akka.tcp://flink@localhost:6123/]] arriving at [akka.tcp://flink@localhost:6123] inbound addresses are [akka.tcp://flink@kafkahost:6123]
2024-12-27 02:17:18,415 ERROR akka.remote.EndpointWriter                                   [] - dropping message [class akka.actor.ActorSelectionMessage] for non-local recipient [Actor[akka.tcp://flink@localhost:6123/]] arriving at [akka.tcp://flink@localhost:6123] inbound addresses are [akka.tcp://flink@kafkahost:6123]
2024-12-27 02:17:42,041 ERROR akka.remote.EndpointWriter                                   [] - dropping message [class akka.actor.ActorSelectionMessage] for non-local recipient [Actor[akka.tcp://flink@localhost:6123/]] arriving at [akka.tcp://flink@localhost:6123] inbound addresses are [akka.tcp://flink@kafkahost:6123]
2024-12-27 02:18:05,662 ERROR akka.remote.EndpointWriter                                   [] - dropping message [class akka.actor.ActorSelectionMessage] for non-local recipient [Actor[akka.tcp://flink@localhost:6123/]] arriving at [akka.tcp://flink@localhost:6123] inbound addresses are [akka.tcp://flink@kafkahost:6123]
2024-12-27 02:18:25,702 ERROR akka.remote.EndpointWriter                                   [] - dropping message [class akka.actor.ActorSelectionMessage] for non-local recipient [Actor[akka.tcp://flink@localhost:6123/]] arriving at [akka.tcp://flink@localhost:6123] inbound addresses are [akka.tcp://flink@kafkahost:6123]
2024-12-27 02:18:49,353 ERROR akka.remote.EndpointWriter                                   [] - dropping message [class akka.actor.ActorSelectionMessage] for non-local recipient [Actor[akka.tcp://flink@localhost:6123/]] arriving at [akka.tcp://flink@localhost:6123] inbound addresses are [akka.tcp://flink@kafkahost:6123]
2024-12-27 02:19:09,394 ERROR akka.remote.EndpointWriter                                   [] - dropping message [class akka.actor.ActorSelectionMessage] for non-local recipient [Actor[akka.tcp://flink@localhost:6123/]] arriving at [akka.tcp://flink@localhost:6123] inbound addresses are [akka.tcp://flink@kafkahost:6123]
2024-12-27 02:19:33,019 ERROR akka.remote.EndpointWriter                                   [] - dropping message [class akka.actor.ActorSelectionMessage] for non-local recipient [Actor[akka.tcp://flink@localhost:6123/]] arriving at [akka.tcp://flink@localhost:6123] inbound addresses are [akka.tcp://flink@kafkahost:6123]
2024-12-27 02:19:56,645 ERROR akka.remote.EndpointWriter                                   [] - dropping message [class akka.actor.ActorSelectionMessage] for non-local recipient [Actor[akka.tcp://flink@localhost:6123/]] arriving at [akka.tcp://flink@localhost:6123] inbound addresses are [akka.tcp://flink@kafkahost:6123]
