2024-12-27 02:14:32,710 INFO  org.apache.flink.runtime.taskexecutor.TaskManagerRunner      [] - --------------------------------------------------------------------------------
2024-12-27 02:14:32,714 INFO  org.apache.flink.runtime.taskexecutor.TaskManagerRunner      [] -  Preconfiguration: 
2024-12-27 02:14:32,715 INFO  org.apache.flink.runtime.taskexecutor.TaskManagerRunner      [] - 


RESOURCE_PARAMS extraction logs:
jvm_params: -Xmx536870902 -Xms536870902 -XX:MaxDirectMemorySize=268435458 -XX:MaxMetaspaceSize=268435456
dynamic_configs: -D taskmanager.memory.network.min=134217730b -D taskmanager.cpu.cores=4.0 -D taskmanager.memory.task.off-heap.size=0b -D taskmanager.memory.jvm-metaspace.size=268435456b -D external-resources=none -D taskmanager.memory.jvm-overhead.min=201326592b -D taskmanager.memory.framework.off-heap.size=134217728b -D taskmanager.memory.network.max=134217730b -D taskmanager.memory.framework.heap.size=134217728b -D taskmanager.memory.managed.size=536870920b -D taskmanager.memory.task.heap.size=402653174b -D taskmanager.numberOfTaskSlots=4 -D taskmanager.memory.jvm-overhead.max=201326592b
logs: INFO  [] - Loading configuration property: jobmanager.rpc.address, localhost
INFO  [] - Loading configuration property: jobmanager.rpc.port, 6123
INFO  [] - Loading configuration property: jobmanager.memory.process.size, 1600m
INFO  [] - Loading configuration property: taskmanager.memory.process.size, 1728m
INFO  [] - Loading configuration property: taskmanager.numberOfTaskSlots, 4
INFO  [] - Loading configuration property: parallelism.default, 1
INFO  [] - Loading configuration property: jobmanager.execution.failover-strategy, region
INFO  [] - The derived from fraction jvm overhead memory (172.800mb (181193935 bytes)) is less than its min value 192.000mb (201326592 bytes), min value will be used instead
INFO  [] - Final TaskExecutor Memory configuration:
INFO  [] -   Total Process Memory:          1.688gb (1811939328 bytes)
INFO  [] -     Total Flink Memory:          1.250gb (1342177280 bytes)
INFO  [] -       Total JVM Heap Memory:     512.000mb (536870902 bytes)
INFO  [] -         Framework:               128.000mb (134217728 bytes)
INFO  [] -         Task:                    384.000mb (402653174 bytes)
INFO  [] -       Total Off-heap Memory:     768.000mb (805306378 bytes)
INFO  [] -         Managed:                 512.000mb (536870920 bytes)
INFO  [] -         Total JVM Direct Memory: 256.000mb (268435458 bytes)
INFO  [] -           Framework:             128.000mb (134217728 bytes)
INFO  [] -           Task:                  0 bytes
INFO  [] -           Network:               128.000mb (134217730 bytes)
INFO  [] -     JVM Metaspace:               256.000mb (268435456 bytes)
INFO  [] -     JVM Overhead:                192.000mb (201326592 bytes)

2024-12-27 02:14:32,715 INFO  org.apache.flink.runtime.taskexecutor.TaskManagerRunner      [] - --------------------------------------------------------------------------------
2024-12-27 02:14:32,715 INFO  org.apache.flink.runtime.taskexecutor.TaskManagerRunner      [] -  Starting TaskManager (Version: 1.14.6, Scala: 2.12, Rev:a921a4d, Date:2022-09-09T10:18:38+02:00)
2024-12-27 02:14:32,715 INFO  org.apache.flink.runtime.taskexecutor.TaskManagerRunner      [] -  OS current user: alvinnguyen41
2024-12-27 02:14:32,715 INFO  org.apache.flink.runtime.taskexecutor.TaskManagerRunner      [] -  Current Hadoop/Kerberos user: <no hadoop dependency found>
2024-12-27 02:14:32,716 INFO  org.apache.flink.runtime.taskexecutor.TaskManagerRunner      [] -  JVM: OpenJDK 64-Bit Server VM - Private Build - 1.8/25.432-bga
2024-12-27 02:14:32,716 INFO  org.apache.flink.runtime.taskexecutor.TaskManagerRunner      [] -  Maximum heap size: 512 MiBytes
2024-12-27 02:14:32,716 INFO  org.apache.flink.runtime.taskexecutor.TaskManagerRunner      [] -  JAVA_HOME: /usr/lib/jvm/java-8-openjdk-amd64
2024-12-27 02:14:32,716 INFO  org.apache.flink.runtime.taskexecutor.TaskManagerRunner      [] -  No Hadoop Dependency available
2024-12-27 02:14:32,716 INFO  org.apache.flink.runtime.taskexecutor.TaskManagerRunner      [] -  JVM Options:
2024-12-27 02:14:32,717 INFO  org.apache.flink.runtime.taskexecutor.TaskManagerRunner      [] -     -XX:+UseG1GC
2024-12-27 02:14:32,717 INFO  org.apache.flink.runtime.taskexecutor.TaskManagerRunner      [] -     -Xmx536870902
2024-12-27 02:14:32,717 INFO  org.apache.flink.runtime.taskexecutor.TaskManagerRunner      [] -     -Xms536870902
2024-12-27 02:14:32,717 INFO  org.apache.flink.runtime.taskexecutor.TaskManagerRunner      [] -     -XX:MaxDirectMemorySize=268435458
2024-12-27 02:14:32,717 INFO  org.apache.flink.runtime.taskexecutor.TaskManagerRunner      [] -     -XX:MaxMetaspaceSize=268435456
2024-12-27 02:14:32,717 INFO  org.apache.flink.runtime.taskexecutor.TaskManagerRunner      [] -     -Dlog.file=/home/alvinnguyen41/flink-1.14.6/log/flink-alvinnguyen41-taskexecutor-0-alvinnguyen41.log
2024-12-27 02:14:32,717 INFO  org.apache.flink.runtime.taskexecutor.TaskManagerRunner      [] -     -Dlog4j.configuration=file:/home/alvinnguyen41/flink-1.14.6/conf/log4j.properties
2024-12-27 02:14:32,717 INFO  org.apache.flink.runtime.taskexecutor.TaskManagerRunner      [] -     -Dlog4j.configurationFile=file:/home/alvinnguyen41/flink-1.14.6/conf/log4j.properties
2024-12-27 02:14:32,718 INFO  org.apache.flink.runtime.taskexecutor.TaskManagerRunner      [] -     -Dlogback.configurationFile=file:/home/alvinnguyen41/flink-1.14.6/conf/logback.xml
2024-12-27 02:14:32,718 INFO  org.apache.flink.runtime.taskexecutor.TaskManagerRunner      [] -  Program Arguments:
2024-12-27 02:14:32,720 INFO  org.apache.flink.runtime.taskexecutor.TaskManagerRunner      [] -     --configDir
2024-12-27 02:14:32,720 INFO  org.apache.flink.runtime.taskexecutor.TaskManagerRunner      [] -     /home/alvinnguyen41/flink-1.14.6/conf
2024-12-27 02:14:32,720 INFO  org.apache.flink.runtime.taskexecutor.TaskManagerRunner      [] -     -D
2024-12-27 02:14:32,720 INFO  org.apache.flink.runtime.taskexecutor.TaskManagerRunner      [] -     taskmanager.memory.network.min=134217730b
2024-12-27 02:14:32,728 INFO  org.apache.flink.runtime.taskexecutor.TaskManagerRunner      [] -     -D
2024-12-27 02:14:32,728 INFO  org.apache.flink.runtime.taskexecutor.TaskManagerRunner      [] -     taskmanager.cpu.cores=4.0
2024-12-27 02:14:32,728 INFO  org.apache.flink.runtime.taskexecutor.TaskManagerRunner      [] -     -D
2024-12-27 02:14:32,728 INFO  org.apache.flink.runtime.taskexecutor.TaskManagerRunner      [] -     taskmanager.memory.task.off-heap.size=0b
2024-12-27 02:14:32,729 INFO  org.apache.flink.runtime.taskexecutor.TaskManagerRunner      [] -     -D
2024-12-27 02:14:32,729 INFO  org.apache.flink.runtime.taskexecutor.TaskManagerRunner      [] -     taskmanager.memory.jvm-metaspace.size=268435456b
2024-12-27 02:14:32,729 INFO  org.apache.flink.runtime.taskexecutor.TaskManagerRunner      [] -     -D
2024-12-27 02:14:32,729 INFO  org.apache.flink.runtime.taskexecutor.TaskManagerRunner      [] -     external-resources=none
2024-12-27 02:14:32,730 INFO  org.apache.flink.runtime.taskexecutor.TaskManagerRunner      [] -     -D
2024-12-27 02:14:32,730 INFO  org.apache.flink.runtime.taskexecutor.TaskManagerRunner      [] -     taskmanager.memory.jvm-overhead.min=201326592b
2024-12-27 02:14:32,730 INFO  org.apache.flink.runtime.taskexecutor.TaskManagerRunner      [] -     -D
2024-12-27 02:14:32,730 INFO  org.apache.flink.runtime.taskexecutor.TaskManagerRunner      [] -     taskmanager.memory.framework.off-heap.size=134217728b
2024-12-27 02:14:32,731 INFO  org.apache.flink.runtime.taskexecutor.TaskManagerRunner      [] -     -D
2024-12-27 02:14:32,731 INFO  org.apache.flink.runtime.taskexecutor.TaskManagerRunner      [] -     taskmanager.memory.network.max=134217730b
2024-12-27 02:14:32,731 INFO  org.apache.flink.runtime.taskexecutor.TaskManagerRunner      [] -     -D
2024-12-27 02:14:32,731 INFO  org.apache.flink.runtime.taskexecutor.TaskManagerRunner      [] -     taskmanager.memory.framework.heap.size=134217728b
2024-12-27 02:14:32,731 INFO  org.apache.flink.runtime.taskexecutor.TaskManagerRunner      [] -     -D
2024-12-27 02:14:32,731 INFO  org.apache.flink.runtime.taskexecutor.TaskManagerRunner      [] -     taskmanager.memory.managed.size=536870920b
2024-12-27 02:14:32,731 INFO  org.apache.flink.runtime.taskexecutor.TaskManagerRunner      [] -     -D
2024-12-27 02:14:32,731 INFO  org.apache.flink.runtime.taskexecutor.TaskManagerRunner      [] -     taskmanager.memory.task.heap.size=402653174b
2024-12-27 02:14:32,732 INFO  org.apache.flink.runtime.taskexecutor.TaskManagerRunner      [] -     -D
2024-12-27 02:14:32,732 INFO  org.apache.flink.runtime.taskexecutor.TaskManagerRunner      [] -     taskmanager.numberOfTaskSlots=4
2024-12-27 02:14:32,732 INFO  org.apache.flink.runtime.taskexecutor.TaskManagerRunner      [] -     -D
2024-12-27 02:14:32,732 INFO  org.apache.flink.runtime.taskexecutor.TaskManagerRunner      [] -     taskmanager.memory.jvm-overhead.max=201326592b
2024-12-27 02:14:32,732 INFO  org.apache.flink.runtime.taskexecutor.TaskManagerRunner      [] -  Classpath: /home/alvinnguyen41/flink-1.14.6/lib/flink-csv-1.14.6.jar:/home/alvinnguyen41/flink-1.14.6/lib/flink-json-1.14.6.jar:/home/alvinnguyen41/flink-1.14.6/lib/flink-shaded-zookeeper-3.4.14.jar:/home/alvinnguyen41/flink-1.14.6/lib/flink-table_2.12-1.14.6.jar:/home/alvinnguyen41/flink-1.14.6/lib/log4j-1.2-api-2.17.1.jar:/home/alvinnguyen41/flink-1.14.6/lib/log4j-api-2.17.1.jar:/home/alvinnguyen41/flink-1.14.6/lib/log4j-core-2.17.1.jar:/home/alvinnguyen41/flink-1.14.6/lib/log4j-slf4j-impl-2.17.1.jar:/home/alvinnguyen41/flink-1.14.6/lib/flink-dist_2.12-1.14.6.jar::/home/alvinnguyen41/hadoop-3.4.1/etc/hadoop:
2024-12-27 02:14:32,732 INFO  org.apache.flink.runtime.taskexecutor.TaskManagerRunner      [] - --------------------------------------------------------------------------------
2024-12-27 02:14:32,734 INFO  org.apache.flink.runtime.taskexecutor.TaskManagerRunner      [] - Registered UNIX signal handlers for [TERM, HUP, INT]
2024-12-27 02:14:32,740 INFO  org.apache.flink.runtime.taskexecutor.TaskManagerRunner      [] - Maximum number of open file descriptors is 1048576.
2024-12-27 02:14:32,757 INFO  org.apache.flink.configuration.GlobalConfiguration           [] - Loading configuration property: jobmanager.rpc.address, localhost
2024-12-27 02:14:32,757 INFO  org.apache.flink.configuration.GlobalConfiguration           [] - Loading configuration property: jobmanager.rpc.port, 6123
2024-12-27 02:14:32,757 INFO  org.apache.flink.configuration.GlobalConfiguration           [] - Loading configuration property: jobmanager.memory.process.size, 1600m
2024-12-27 02:14:32,757 INFO  org.apache.flink.configuration.GlobalConfiguration           [] - Loading configuration property: taskmanager.memory.process.size, 1728m
2024-12-27 02:14:32,757 INFO  org.apache.flink.configuration.GlobalConfiguration           [] - Loading configuration property: taskmanager.numberOfTaskSlots, 4
2024-12-27 02:14:32,758 INFO  org.apache.flink.configuration.GlobalConfiguration           [] - Loading configuration property: parallelism.default, 1
2024-12-27 02:14:32,758 INFO  org.apache.flink.configuration.GlobalConfiguration           [] - Loading configuration property: jobmanager.execution.failover-strategy, region
2024-12-27 02:14:32,878 INFO  org.apache.flink.core.fs.FileSystem                          [] - Hadoop is not in the classpath/dependencies. The extended set of supported File Systems via Hadoop is not available.
2024-12-27 02:14:32,941 INFO  org.apache.flink.runtime.state.changelog.StateChangelogStorageLoader [] - StateChangelogStorageLoader initialized with shortcut names {memory}.
2024-12-27 02:14:32,945 INFO  org.apache.flink.runtime.state.changelog.StateChangelogStorageLoader [] - StateChangelogStorageLoader initialized with shortcut names {memory}.
2024-12-27 02:14:32,964 INFO  org.apache.flink.runtime.security.modules.HadoopModuleFactory [] - Cannot create Hadoop Security Module because Hadoop cannot be found in the Classpath.
2024-12-27 02:14:32,980 INFO  org.apache.flink.runtime.security.modules.JaasModule         [] - Jaas file will be created as /tmp/jaas-9084159864113541360.conf.
2024-12-27 02:14:32,987 INFO  org.apache.flink.runtime.security.contexts.HadoopSecurityContextFactory [] - Cannot install HadoopSecurityContext because Hadoop cannot be found in the Classpath.
2024-12-27 02:14:34,419 INFO  org.apache.flink.configuration.Configuration                 [] - Config uses fallback configuration key 'jobmanager.rpc.address' instead of key 'rest.address'
2024-12-27 02:14:34,466 INFO  org.apache.flink.runtime.util.LeaderRetrievalUtils           [] - Trying to select the network interface and address to use by connecting to the leading JobManager.
2024-12-27 02:14:34,476 INFO  org.apache.flink.runtime.util.LeaderRetrievalUtils           [] - TaskManager will try to connect for PT10S before falling back to heuristics
2024-12-27 02:14:35,879 INFO  org.apache.flink.runtime.taskexecutor.TaskManagerRunner      [] - TaskManager will use hostname/address 'alvinnguyen41' (127.0.1.1) for communication.
2024-12-27 02:14:36,159 INFO  org.apache.flink.runtime.rpc.akka.AkkaRpcServiceUtils        [] - Trying to start actor system, external address 127.0.1.1:0, bind address 0.0.0.0:0.
2024-12-27 02:14:38,675 INFO  akka.event.slf4j.Slf4jLogger                                 [] - Slf4jLogger started
2024-12-27 02:14:38,811 INFO  akka.remote.RemoteActorRefProvider                           [] - Akka Cluster not in use - enabling unsafe features anyway because `akka.remote.use-unsafe-remote-features-outside-cluster` has been enabled.
2024-12-27 02:14:38,811 INFO  akka.remote.Remoting                                         [] - Starting remoting
2024-12-27 02:14:39,446 INFO  akka.remote.Remoting                                         [] - Remoting started; listening on addresses :[akka.tcp://flink@127.0.1.1:33865]
2024-12-27 02:14:40,045 INFO  org.apache.flink.runtime.rpc.akka.AkkaRpcServiceUtils        [] - Actor system started at akka.tcp://flink@127.0.1.1:33865
2024-12-27 02:14:40,202 INFO  org.apache.flink.runtime.metrics.MetricRegistryImpl          [] - No metrics reporter configured, no metrics will be exposed/reported.
2024-12-27 02:14:40,226 INFO  org.apache.flink.runtime.rpc.akka.AkkaRpcServiceUtils        [] - Trying to start actor system, external address 127.0.1.1:0, bind address 0.0.0.0:0.
2024-12-27 02:14:40,342 INFO  akka.event.slf4j.Slf4jLogger                                 [] - Slf4jLogger started
2024-12-27 02:14:40,360 INFO  akka.remote.RemoteActorRefProvider                           [] - Akka Cluster not in use - enabling unsafe features anyway because `akka.remote.use-unsafe-remote-features-outside-cluster` has been enabled.
2024-12-27 02:14:40,361 INFO  akka.remote.Remoting                                         [] - Starting remoting
2024-12-27 02:14:40,445 INFO  akka.remote.Remoting                                         [] - Remoting started; listening on addresses :[akka.tcp://flink-metrics@127.0.1.1:41533]
2024-12-27 02:14:40,495 INFO  org.apache.flink.runtime.rpc.akka.AkkaRpcServiceUtils        [] - Actor system started at akka.tcp://flink-metrics@127.0.1.1:41533
2024-12-27 02:14:40,613 INFO  org.apache.flink.runtime.rpc.akka.AkkaRpcService             [] - Starting RPC endpoint for org.apache.flink.runtime.metrics.dump.MetricQueryService at akka://flink-metrics/user/rpc/MetricQueryService_127.0.1.1:33865-24545c .
2024-12-27 02:14:40,681 INFO  org.apache.flink.runtime.blob.PermanentBlobCache             [] - Created BLOB cache storage directory /tmp/blobStore-36d0729d-5bf8-4c28-9ae8-02d3824eb0b8
2024-12-27 02:14:40,711 INFO  org.apache.flink.runtime.blob.TransientBlobCache             [] - Created BLOB cache storage directory /tmp/blobStore-65226b1b-eaeb-482f-9eeb-99fe50cc2953
2024-12-27 02:14:40,719 INFO  org.apache.flink.runtime.externalresource.ExternalResourceUtils [] - Enabled external resources: []
2024-12-27 02:14:40,719 INFO  org.apache.flink.runtime.taskexecutor.TaskManagerRunner      [] - Starting TaskManager with ResourceID: 127.0.1.1:33865-24545c
2024-12-27 02:14:40,900 INFO  org.apache.flink.runtime.taskexecutor.TaskManagerServices    [] - Temporary file directory '/tmp': total 1006 GB, usable 941 GB (93.54% usable)
2024-12-27 02:14:41,075 INFO  org.apache.flink.runtime.io.disk.iomanager.IOManager         [] - Created a new FileChannelManager for spilling of task related data to disk (joins, sorting, ...). Used directories:
	/tmp/flink-io-ea553159-9bc4-4f25-8fa0-42de706eb88d
2024-12-27 02:14:41,140 INFO  org.apache.flink.runtime.io.network.netty.NettyConfig        [] - NettyConfig [server address: /0.0.0.0, server port: 0, ssl enabled: false, memory segment size (bytes): 32768, transport type: AUTO, number of server threads: 4 (manual), number of client threads: 4 (manual), server connect backlog: 0 (use Netty's default), client connect timeout (sec): 120, send/receive buffer size (bytes): 0 (use Netty's default)]
2024-12-27 02:14:41,939 INFO  org.apache.flink.runtime.io.network.NettyShuffleServiceFactory [] - Created a new FileChannelManager for storing result partitions of BLOCKING shuffles. Used directories:
	/tmp/flink-netty-shuffle-0a603184-3142-47b3-aab8-769cf7815fa2
2024-12-27 02:14:44,227 INFO  org.apache.flink.runtime.io.network.buffer.NetworkBufferPool [] - Allocated 128 MB for network buffer pool (number of memory segments: 4096, bytes per segment: 32768).
2024-12-27 02:14:44,277 INFO  org.apache.flink.runtime.io.network.NettyShuffleEnvironment  [] - Starting the network environment and its components.
2024-12-27 02:14:45,081 INFO  org.apache.flink.runtime.io.network.netty.NettyClient        [] - Transport type 'auto': using EPOLL.
2024-12-27 02:14:45,084 INFO  org.apache.flink.runtime.io.network.netty.NettyClient        [] - Successful initialization (took 806 ms).
2024-12-27 02:14:45,111 INFO  org.apache.flink.runtime.io.network.netty.NettyServer        [] - Transport type 'auto': using EPOLL.
2024-12-27 02:14:45,304 INFO  org.apache.flink.runtime.io.network.netty.NettyServer        [] - Successful initialization (took 208 ms). Listening on SocketAddress /0:0:0:0:0:0:0:0%0:34321.
2024-12-27 02:14:45,306 INFO  org.apache.flink.runtime.taskexecutor.KvStateService         [] - Starting the kvState service and its components.
2024-12-27 02:14:45,515 INFO  org.apache.flink.runtime.rpc.akka.AkkaRpcService             [] - Starting RPC endpoint for org.apache.flink.runtime.taskexecutor.TaskExecutor at akka://flink/user/rpc/taskmanager_0 .
2024-12-27 02:14:45,673 INFO  org.apache.flink.runtime.taskexecutor.DefaultJobLeaderService [] - Start job leader service.
2024-12-27 02:14:45,678 INFO  org.apache.flink.runtime.filecache.FileCache                 [] - User file cache uses directory /tmp/flink-dist-cache-afda9f1b-03fc-4bee-b360-11e99836a14a
2024-12-27 02:14:45,684 INFO  org.apache.flink.runtime.taskexecutor.TaskExecutor           [] - Connecting to ResourceManager akka.tcp://flink@localhost:6123/user/rpc/resourcemanager_*(00000000000000000000000000000000).
2024-12-27 02:14:55,797 INFO  org.apache.flink.runtime.taskexecutor.TaskExecutor           [] - Could not resolve ResourceManager address akka.tcp://flink@localhost:6123/user/rpc/resourcemanager_*, retrying in 10000 ms: Could not connect to rpc endpoint under address akka.tcp://flink@localhost:6123/user/rpc/resourcemanager_*.
2024-12-27 02:15:18,780 INFO  org.apache.flink.runtime.taskexecutor.TaskExecutor           [] - Could not resolve ResourceManager address akka.tcp://flink@localhost:6123/user/rpc/resourcemanager_*, retrying in 10000 ms: Could not connect to rpc endpoint under address akka.tcp://flink@localhost:6123/user/rpc/resourcemanager_*.
2024-12-27 02:15:41,767 INFO  org.apache.flink.runtime.taskexecutor.TaskExecutor           [] - Could not resolve ResourceManager address akka.tcp://flink@localhost:6123/user/rpc/resourcemanager_*, retrying in 10000 ms: Could not connect to rpc endpoint under address akka.tcp://flink@localhost:6123/user/rpc/resourcemanager_*.
2024-12-27 02:16:01,807 INFO  org.apache.flink.runtime.taskexecutor.TaskExecutor           [] - Could not resolve ResourceManager address akka.tcp://flink@localhost:6123/user/rpc/resourcemanager_*, retrying in 10000 ms: Could not connect to rpc endpoint under address akka.tcp://flink@localhost:6123/user/rpc/resourcemanager_*.
2024-12-27 02:16:24,787 INFO  org.apache.flink.runtime.taskexecutor.TaskExecutor           [] - Could not resolve ResourceManager address akka.tcp://flink@localhost:6123/user/rpc/resourcemanager_*, retrying in 10000 ms: Could not connect to rpc endpoint under address akka.tcp://flink@localhost:6123/user/rpc/resourcemanager_*.
2024-12-27 02:16:44,828 INFO  org.apache.flink.runtime.taskexecutor.TaskExecutor           [] - Could not resolve ResourceManager address akka.tcp://flink@localhost:6123/user/rpc/resourcemanager_*, retrying in 10000 ms: Could not connect to rpc endpoint under address akka.tcp://flink@localhost:6123/user/rpc/resourcemanager_*.
2024-12-27 02:17:08,393 INFO  org.apache.flink.runtime.taskexecutor.TaskExecutor           [] - Could not resolve ResourceManager address akka.tcp://flink@localhost:6123/user/rpc/resourcemanager_*, retrying in 10000 ms: Could not connect to rpc endpoint under address akka.tcp://flink@localhost:6123/user/rpc/resourcemanager_*.
2024-12-27 02:17:32,017 INFO  org.apache.flink.runtime.taskexecutor.TaskExecutor           [] - Could not resolve ResourceManager address akka.tcp://flink@localhost:6123/user/rpc/resourcemanager_*, retrying in 10000 ms: Could not connect to rpc endpoint under address akka.tcp://flink@localhost:6123/user/rpc/resourcemanager_*.
2024-12-27 02:17:52,057 INFO  org.apache.flink.runtime.taskexecutor.TaskExecutor           [] - Could not resolve ResourceManager address akka.tcp://flink@localhost:6123/user/rpc/resourcemanager_*, retrying in 10000 ms: Could not connect to rpc endpoint under address akka.tcp://flink@localhost:6123/user/rpc/resourcemanager_*.
2024-12-27 02:18:15,679 INFO  org.apache.flink.runtime.taskexecutor.TaskExecutor           [] - Could not resolve ResourceManager address akka.tcp://flink@localhost:6123/user/rpc/resourcemanager_*, retrying in 10000 ms: Could not connect to rpc endpoint under address akka.tcp://flink@localhost:6123/user/rpc/resourcemanager_*.
2024-12-27 02:18:39,332 INFO  org.apache.flink.runtime.taskexecutor.TaskExecutor           [] - Could not resolve ResourceManager address akka.tcp://flink@localhost:6123/user/rpc/resourcemanager_*, retrying in 10000 ms: Could not connect to rpc endpoint under address akka.tcp://flink@localhost:6123/user/rpc/resourcemanager_*.
2024-12-27 02:18:59,371 INFO  org.apache.flink.runtime.taskexecutor.TaskExecutor           [] - Could not resolve ResourceManager address akka.tcp://flink@localhost:6123/user/rpc/resourcemanager_*, retrying in 10000 ms: Could not connect to rpc endpoint under address akka.tcp://flink@localhost:6123/user/rpc/resourcemanager_*.
2024-12-27 02:19:22,997 INFO  org.apache.flink.runtime.taskexecutor.TaskExecutor           [] - Could not resolve ResourceManager address akka.tcp://flink@localhost:6123/user/rpc/resourcemanager_*, retrying in 10000 ms: Could not connect to rpc endpoint under address akka.tcp://flink@localhost:6123/user/rpc/resourcemanager_*.
2024-12-27 02:19:43,036 INFO  org.apache.flink.runtime.taskexecutor.TaskExecutor           [] - Could not resolve ResourceManager address akka.tcp://flink@localhost:6123/user/rpc/resourcemanager_*, retrying in 10000 ms: Could not connect to rpc endpoint under address akka.tcp://flink@localhost:6123/user/rpc/resourcemanager_*.
2024-12-27 02:20:06,664 INFO  org.apache.flink.runtime.taskexecutor.TaskExecutor           [] - Could not resolve ResourceManager address akka.tcp://flink@localhost:6123/user/rpc/resourcemanager_*, retrying in 10000 ms: Could not connect to rpc endpoint under address akka.tcp://flink@localhost:6123/user/rpc/resourcemanager_*.
2024-12-27 02:20:16,012 ERROR org.apache.flink.runtime.taskexecutor.TaskExecutor           [] - Fatal error occurred in TaskExecutor akka.tcp://flink@127.0.1.1:33865/user/rpc/taskmanager_0.
org.apache.flink.runtime.taskexecutor.exceptions.RegistrationTimeoutException: Could not register at the ResourceManager within the specified maximum registration duration 300000 ms. This indicates a problem with this instance. Terminating now.
	at org.apache.flink.runtime.taskexecutor.TaskExecutor.registrationTimeout(TaskExecutor.java:1449) ~[flink-dist_2.12-1.14.6.jar:1.14.6]
	at org.apache.flink.runtime.taskexecutor.TaskExecutor.lambda$startRegistrationTimeout$17(TaskExecutor.java:1434) ~[flink-dist_2.12-1.14.6.jar:1.14.6]
	at org.apache.flink.runtime.rpc.akka.AkkaRpcActor.lambda$handleRunAsync$4(AkkaRpcActor.java:455) ~[flink-rpc-akka_9c3b95b9-5464-4475-b6ca-baeb54f6e38d.jar:1.14.6]
	at org.apache.flink.runtime.concurrent.akka.ClassLoadingUtils.runWithContextClassLoader(ClassLoadingUtils.java:68) ~[flink-rpc-akka_9c3b95b9-5464-4475-b6ca-baeb54f6e38d.jar:1.14.6]
	at org.apache.flink.runtime.rpc.akka.AkkaRpcActor.handleRunAsync(AkkaRpcActor.java:455) ~[flink-rpc-akka_9c3b95b9-5464-4475-b6ca-baeb54f6e38d.jar:1.14.6]
	at org.apache.flink.runtime.rpc.akka.AkkaRpcActor.handleRpcMessage(AkkaRpcActor.java:213) ~[flink-rpc-akka_9c3b95b9-5464-4475-b6ca-baeb54f6e38d.jar:1.14.6]
	at org.apache.flink.runtime.rpc.akka.AkkaRpcActor.handleMessage(AkkaRpcActor.java:163) ~[flink-rpc-akka_9c3b95b9-5464-4475-b6ca-baeb54f6e38d.jar:1.14.6]
	at akka.japi.pf.UnitCaseStatement.apply(CaseStatements.scala:24) [flink-rpc-akka_9c3b95b9-5464-4475-b6ca-baeb54f6e38d.jar:1.14.6]
	at akka.japi.pf.UnitCaseStatement.apply(CaseStatements.scala:20) [flink-rpc-akka_9c3b95b9-5464-4475-b6ca-baeb54f6e38d.jar:1.14.6]
	at scala.PartialFunction.applyOrElse(PartialFunction.scala:123) [flink-rpc-akka_9c3b95b9-5464-4475-b6ca-baeb54f6e38d.jar:1.14.6]
	at scala.PartialFunction.applyOrElse$(PartialFunction.scala:122) [flink-rpc-akka_9c3b95b9-5464-4475-b6ca-baeb54f6e38d.jar:1.14.6]
	at akka.japi.pf.UnitCaseStatement.applyOrElse(CaseStatements.scala:20) [flink-rpc-akka_9c3b95b9-5464-4475-b6ca-baeb54f6e38d.jar:1.14.6]
	at scala.PartialFunction$OrElse.applyOrElse(PartialFunction.scala:171) [flink-rpc-akka_9c3b95b9-5464-4475-b6ca-baeb54f6e38d.jar:1.14.6]
	at scala.PartialFunction$OrElse.applyOrElse(PartialFunction.scala:172) [flink-rpc-akka_9c3b95b9-5464-4475-b6ca-baeb54f6e38d.jar:1.14.6]
	at scala.PartialFunction$OrElse.applyOrElse(PartialFunction.scala:172) [flink-rpc-akka_9c3b95b9-5464-4475-b6ca-baeb54f6e38d.jar:1.14.6]
	at akka.actor.Actor.aroundReceive(Actor.scala:537) [flink-rpc-akka_9c3b95b9-5464-4475-b6ca-baeb54f6e38d.jar:1.14.6]
	at akka.actor.Actor.aroundReceive$(Actor.scala:535) [flink-rpc-akka_9c3b95b9-5464-4475-b6ca-baeb54f6e38d.jar:1.14.6]
	at akka.actor.AbstractActor.aroundReceive(AbstractActor.scala:220) [flink-rpc-akka_9c3b95b9-5464-4475-b6ca-baeb54f6e38d.jar:1.14.6]
	at akka.actor.ActorCell.receiveMessage(ActorCell.scala:580) [flink-rpc-akka_9c3b95b9-5464-4475-b6ca-baeb54f6e38d.jar:1.14.6]
	at akka.actor.ActorCell.invoke(ActorCell.scala:548) [flink-rpc-akka_9c3b95b9-5464-4475-b6ca-baeb54f6e38d.jar:1.14.6]
	at akka.dispatch.Mailbox.processMailbox(Mailbox.scala:270) [flink-rpc-akka_9c3b95b9-5464-4475-b6ca-baeb54f6e38d.jar:1.14.6]
	at akka.dispatch.Mailbox.run(Mailbox.scala:231) [flink-rpc-akka_9c3b95b9-5464-4475-b6ca-baeb54f6e38d.jar:1.14.6]
	at akka.dispatch.Mailbox.exec(Mailbox.scala:243) [flink-rpc-akka_9c3b95b9-5464-4475-b6ca-baeb54f6e38d.jar:1.14.6]
	at java.util.concurrent.ForkJoinTask.doExec(ForkJoinTask.java:289) [?:1.8.0_432]
	at java.util.concurrent.ForkJoinPool$WorkQueue.runTask(ForkJoinPool.java:1056) [?:1.8.0_432]
	at java.util.concurrent.ForkJoinPool.runWorker(ForkJoinPool.java:1692) [?:1.8.0_432]
	at java.util.concurrent.ForkJoinWorkerThread.run(ForkJoinWorkerThread.java:175) [?:1.8.0_432]
2024-12-27 02:20:16,020 ERROR org.apache.flink.runtime.taskexecutor.TaskManagerRunner      [] - Fatal error occurred while executing the TaskManager. Shutting it down...
org.apache.flink.runtime.taskexecutor.exceptions.RegistrationTimeoutException: Could not register at the ResourceManager within the specified maximum registration duration 300000 ms. This indicates a problem with this instance. Terminating now.
	at org.apache.flink.runtime.taskexecutor.TaskExecutor.registrationTimeout(TaskExecutor.java:1449) ~[flink-dist_2.12-1.14.6.jar:1.14.6]
	at org.apache.flink.runtime.taskexecutor.TaskExecutor.lambda$startRegistrationTimeout$17(TaskExecutor.java:1434) ~[flink-dist_2.12-1.14.6.jar:1.14.6]
	at org.apache.flink.runtime.rpc.akka.AkkaRpcActor.lambda$handleRunAsync$4(AkkaRpcActor.java:455) ~[flink-rpc-akka_9c3b95b9-5464-4475-b6ca-baeb54f6e38d.jar:1.14.6]
	at org.apache.flink.runtime.concurrent.akka.ClassLoadingUtils.runWithContextClassLoader(ClassLoadingUtils.java:68) ~[flink-rpc-akka_9c3b95b9-5464-4475-b6ca-baeb54f6e38d.jar:1.14.6]
	at org.apache.flink.runtime.rpc.akka.AkkaRpcActor.handleRunAsync(AkkaRpcActor.java:455) ~[flink-rpc-akka_9c3b95b9-5464-4475-b6ca-baeb54f6e38d.jar:1.14.6]
	at org.apache.flink.runtime.rpc.akka.AkkaRpcActor.handleRpcMessage(AkkaRpcActor.java:213) ~[flink-rpc-akka_9c3b95b9-5464-4475-b6ca-baeb54f6e38d.jar:1.14.6]
	at org.apache.flink.runtime.rpc.akka.AkkaRpcActor.handleMessage(AkkaRpcActor.java:163) ~[flink-rpc-akka_9c3b95b9-5464-4475-b6ca-baeb54f6e38d.jar:1.14.6]
	at akka.japi.pf.UnitCaseStatement.apply(CaseStatements.scala:24) [flink-rpc-akka_9c3b95b9-5464-4475-b6ca-baeb54f6e38d.jar:1.14.6]
	at akka.japi.pf.UnitCaseStatement.apply(CaseStatements.scala:20) [flink-rpc-akka_9c3b95b9-5464-4475-b6ca-baeb54f6e38d.jar:1.14.6]
	at scala.PartialFunction.applyOrElse(PartialFunction.scala:123) [flink-rpc-akka_9c3b95b9-5464-4475-b6ca-baeb54f6e38d.jar:1.14.6]
	at scala.PartialFunction.applyOrElse$(PartialFunction.scala:122) [flink-rpc-akka_9c3b95b9-5464-4475-b6ca-baeb54f6e38d.jar:1.14.6]
	at akka.japi.pf.UnitCaseStatement.applyOrElse(CaseStatements.scala:20) [flink-rpc-akka_9c3b95b9-5464-4475-b6ca-baeb54f6e38d.jar:1.14.6]
	at scala.PartialFunction$OrElse.applyOrElse(PartialFunction.scala:171) [flink-rpc-akka_9c3b95b9-5464-4475-b6ca-baeb54f6e38d.jar:1.14.6]
	at scala.PartialFunction$OrElse.applyOrElse(PartialFunction.scala:172) [flink-rpc-akka_9c3b95b9-5464-4475-b6ca-baeb54f6e38d.jar:1.14.6]
	at scala.PartialFunction$OrElse.applyOrElse(PartialFunction.scala:172) [flink-rpc-akka_9c3b95b9-5464-4475-b6ca-baeb54f6e38d.jar:1.14.6]
	at akka.actor.Actor.aroundReceive(Actor.scala:537) [flink-rpc-akka_9c3b95b9-5464-4475-b6ca-baeb54f6e38d.jar:1.14.6]
	at akka.actor.Actor.aroundReceive$(Actor.scala:535) [flink-rpc-akka_9c3b95b9-5464-4475-b6ca-baeb54f6e38d.jar:1.14.6]
	at akka.actor.AbstractActor.aroundReceive(AbstractActor.scala:220) [flink-rpc-akka_9c3b95b9-5464-4475-b6ca-baeb54f6e38d.jar:1.14.6]
	at akka.actor.ActorCell.receiveMessage(ActorCell.scala:580) [flink-rpc-akka_9c3b95b9-5464-4475-b6ca-baeb54f6e38d.jar:1.14.6]
	at akka.actor.ActorCell.invoke(ActorCell.scala:548) [flink-rpc-akka_9c3b95b9-5464-4475-b6ca-baeb54f6e38d.jar:1.14.6]
	at akka.dispatch.Mailbox.processMailbox(Mailbox.scala:270) [flink-rpc-akka_9c3b95b9-5464-4475-b6ca-baeb54f6e38d.jar:1.14.6]
	at akka.dispatch.Mailbox.run(Mailbox.scala:231) [flink-rpc-akka_9c3b95b9-5464-4475-b6ca-baeb54f6e38d.jar:1.14.6]
	at akka.dispatch.Mailbox.exec(Mailbox.scala:243) [flink-rpc-akka_9c3b95b9-5464-4475-b6ca-baeb54f6e38d.jar:1.14.6]
	at java.util.concurrent.ForkJoinTask.doExec(ForkJoinTask.java:289) [?:1.8.0_432]
	at java.util.concurrent.ForkJoinPool$WorkQueue.runTask(ForkJoinPool.java:1056) [?:1.8.0_432]
	at java.util.concurrent.ForkJoinPool.runWorker(ForkJoinPool.java:1692) [?:1.8.0_432]
	at java.util.concurrent.ForkJoinWorkerThread.run(ForkJoinWorkerThread.java:175) [?:1.8.0_432]
2024-12-27 02:20:16,026 INFO  org.apache.flink.runtime.taskexecutor.TaskExecutor           [] - Stopping TaskExecutor akka.tcp://flink@127.0.1.1:33865/user/rpc/taskmanager_0.
2024-12-27 02:20:16,026 INFO  org.apache.flink.runtime.taskexecutor.TaskExecutor           [] - Terminating registration attempts towards ResourceManager akka.tcp://flink@localhost:6123/user/rpc/resourcemanager_*.
2024-12-27 02:20:16,027 INFO  org.apache.flink.runtime.state.TaskExecutorStateChangelogStoragesManager [] - Shutting down TaskExecutorStateChangelogStoragesManager.
2024-12-27 02:20:16,031 INFO  org.apache.flink.runtime.taskexecutor.DefaultJobLeaderService [] - Stop job leader service.
2024-12-27 02:20:16,031 INFO  org.apache.flink.runtime.state.TaskExecutorLocalStateStoresManager [] - Shutting down TaskExecutorLocalStateStoresManager.
2024-12-27 02:20:16,037 INFO  org.apache.flink.runtime.io.disk.FileChannelManagerImpl      [] - FileChannelManager removed spill file directory /tmp/flink-io-ea553159-9bc4-4f25-8fa0-42de706eb88d
2024-12-27 02:20:16,037 INFO  org.apache.flink.runtime.io.network.NettyShuffleEnvironment  [] - Shutting down the network environment and its components.
2024-12-27 02:20:16,040 INFO  org.apache.flink.runtime.io.network.netty.NettyClient        [] - Successful shutdown (took 2 ms).
2024-12-27 02:20:16,043 INFO  org.apache.flink.runtime.io.network.netty.NettyServer        [] - Successful shutdown (took 2 ms).
2024-12-27 02:20:16,046 INFO  org.apache.flink.runtime.io.disk.FileChannelManagerImpl      [] - FileChannelManager removed spill file directory /tmp/flink-netty-shuffle-0a603184-3142-47b3-aab8-769cf7815fa2
2024-12-27 02:20:16,046 INFO  org.apache.flink.runtime.taskexecutor.KvStateService         [] - Shutting down the kvState service and its components.
2024-12-27 02:20:16,046 INFO  org.apache.flink.runtime.taskexecutor.DefaultJobLeaderService [] - Stop job leader service.
2024-12-27 02:20:16,047 INFO  org.apache.flink.runtime.filecache.FileCache                 [] - removed file cache directory /tmp/flink-dist-cache-afda9f1b-03fc-4bee-b360-11e99836a14a
2024-12-27 02:20:16,056 INFO  org.apache.flink.runtime.taskexecutor.TaskExecutor           [] - Stopped TaskExecutor akka.tcp://flink@127.0.1.1:33865/user/rpc/taskmanager_0.
2024-12-27 02:20:16,061 INFO  org.apache.flink.runtime.blob.PermanentBlobCache             [] - Shutting down BLOB cache
2024-12-27 02:20:16,062 INFO  org.apache.flink.runtime.blob.TransientBlobCache             [] - Shutting down BLOB cache
2024-12-27 02:20:16,066 INFO  org.apache.flink.runtime.rpc.akka.AkkaRpcService             [] - Stopping Akka RPC service.
2024-12-27 02:20:16,077 INFO  org.apache.flink.runtime.rpc.akka.AkkaRpcService             [] - Stopping Akka RPC service.
2024-12-27 02:20:16,144 INFO  akka.remote.RemoteActorRefProvider$RemotingTerminator        [] - Shutting down remote daemon.
2024-12-27 02:20:16,145 INFO  akka.remote.RemoteActorRefProvider$RemotingTerminator        [] - Shutting down remote daemon.
2024-12-27 02:20:16,145 INFO  akka.remote.RemoteActorRefProvider$RemotingTerminator        [] - Remote daemon shut down; proceeding with flushing remote transports.
2024-12-27 02:20:16,145 INFO  akka.remote.RemoteActorRefProvider$RemotingTerminator        [] - Remote daemon shut down; proceeding with flushing remote transports.
2024-12-27 02:20:16,297 INFO  akka.remote.RemoteActorRefProvider$RemotingTerminator        [] - Remoting shut down.
2024-12-27 02:20:16,318 INFO  akka.remote.RemoteActorRefProvider$RemotingTerminator        [] - Remoting shut down.
2024-12-27 02:20:16,382 INFO  org.apache.flink.runtime.rpc.akka.AkkaRpcService             [] - Stopped Akka RPC service.
2024-12-27 02:20:16,425 INFO  org.apache.flink.runtime.taskexecutor.TaskManagerRunner      [] - Terminating TaskManagerRunner with exit code 1.
2024-12-27 02:20:16,425 INFO  org.apache.flink.runtime.rpc.akka.AkkaRpcService             [] - Stopped Akka RPC service.
